\BOOKMARK [0][-]{chapter.1}{\376\377\0001\000\040\000I\000n\000t\000r\000o\000d\000u\000c\000t\000i\000o\000n}{}% 1
\BOOKMARK [1][-]{section.1.1}{\376\377\0001\000.\0001\000\040\000M\000o\000t\000i\000v\000a\000t\000i\000o\000n}{chapter.1}% 2
\BOOKMARK [2][-]{subsection.1.1.1}{\376\377\0001\000.\0001\000.\0001\000\040\000O\000b\000j\000e\000c\000t\000i\000v\000e\000s}{section.1.1}% 3
\BOOKMARK [1][-]{section.1.2}{\376\377\0001\000.\0002\000\040\000C\000h\000a\000l\000l\000e\000n\000g\000e\000s}{chapter.1}% 4
\BOOKMARK [2][-]{subsection.1.2.1}{\376\377\0001\000.\0002\000.\0001\000\040\000C\000h\000a\000l\000l\000e\000n\000g\000e\000\040\000n\000\260\0001\000:\000\040\000R\000e\000a\000l\000i\000s\000t\000i\000c\000\040\000d\000a\000t\000a\000s\000e\000t\000s}{section.1.2}% 5
\BOOKMARK [2][-]{subsection.1.2.2}{\376\377\0001\000.\0002\000.\0002\000\040\000C\000h\000a\000l\000l\000e\000n\000g\000e\000\040\000n\000\260\0002\000:\000\040\000R\000o\000b\000u\000s\000t\000\040\000m\000o\000d\000e\000l\000s}{section.1.2}% 6
\BOOKMARK [2][-]{subsection.1.2.3}{\376\377\0001\000.\0002\000.\0003\000\040\000C\000h\000a\000l\000l\000e\000n\000g\000e\000\040\000n\000\260\0003\000:\000\040\000A\000d\000e\000q\000u\000a\000t\000e\000\040\000e\000v\000a\000l\000u\000a\000t\000i\000o\000n\000\040\000m\000e\000t\000r\000i\000c\000s}{section.1.2}% 7
\BOOKMARK [1][-]{section.1.3}{\376\377\0001\000.\0003\000\040\000S\000t\000r\000u\000c\000t\000u\000r\000e\000\040\000o\000f\000\040\000t\000h\000e\000\040\000t\000h\000e\000s\000i\000s}{chapter.1}% 8
\BOOKMARK [0][-]{chapter.2}{\376\377\0002\000\040\000L\000i\000t\000e\000r\000a\000t\000u\000r\000e}{}% 9
\BOOKMARK [1][-]{subsection.2.0.1}{\376\377\0002\000.\0000\000.\0001\000\040\000S\000o\000u\000n\000d\000\040\000P\000r\000o\000p\000a\000g\000a\000t\000i\000o\000n}{chapter.2}% 10
\BOOKMARK [2][-]{subsection.2.0.2}{\376\377\0002\000.\0000\000.\0002\000\040\000R\000e\000a\000l\000i\000s\000t\000i\000c\000\040\000s\000o\000u\000n\000d\000\040\000p\000r\000o\000p\000a\000g\000a\000t\000i\000o\000n\000\040\000i\000n\000\040\000s\000i\000m\000u\000l\000a\000t\000i\000o\000n\000s}{subsection.2.0.1}% 11
\BOOKMARK [3][-]{subsubsection.2.0.2.1}{\376\377\0002\000.\0000\000.\0002\000.\0001\000\040\000M\000i\000c\000r\000o\000s\000o\000f\000t\000\040\000P\000r\000o\000j\000e\000c\000t\000\040\000A\000c\000o\000u\000s\000t\000i\000c\000s}{subsection.2.0.2}% 12
\BOOKMARK [2][-]{subsection.2.0.3}{\376\377\0002\000.\0000\000.\0003\000\040\000S\000o\000u\000n\000d\000\040\000P\000r\000o\000p\000a\000g\000a\000t\000i\000o\000n\000\040\000i\000n\000\040\000g\000a\000m\000e\000-\000e\000n\000g\000i\000n\000e}{subsection.2.0.1}% 13
\BOOKMARK [1][-]{section.2.1}{\376\377\0002\000.\0001\000\040\000S\000o\000u\000n\000d\000\040\000S\000o\000u\000r\000c\000e\000\040\000L\000o\000c\000a\000l\000i\000z\000a\000t\000i\000o\000n}{chapter.2}% 14
\BOOKMARK [2][-]{subsection.2.1.1}{\376\377\0002\000.\0001\000.\0001\000\040\000S\000p\000e\000c\000t\000r\000o\000g\000r\000a\000m\000s\000\040\000f\000o\000r\000\040\000s\000o\000u\000n\000d\000\040\000s\000o\000u\000r\000c\000e\000\040\000l\000o\000c\000a\000l\000i\000z\000a\000t\000i\000o\000n}{section.2.1}% 15
\BOOKMARK [2][-]{subsection.2.1.2}{\376\377\0002\000.\0001\000.\0002\000\040\000C\000o\000n\000v\000o\000l\000u\000t\000i\000o\000n\000a\000l\000\040\000N\000e\000u\000r\000a\000l\000\040\000N\000e\000t\000w\000o\000r\000k\000s}{section.2.1}% 16
\BOOKMARK [2][-]{subsection.2.1.3}{\376\377\0002\000.\0001\000.\0003\000\040\000C\000o\000n\000v\000o\000l\000u\000t\000i\000o\000n\000a\000l\000\040\000N\000e\000u\000r\000a\000l\000\040\000N\000e\000t\000w\000o\000r\000k\000s\000\040\000f\000o\000r\000\040\000s\000o\000u\000r\000c\000e\000\040\000l\000o\000c\000a\000l\000i\000z\000a\000t\000i\000o\000n}{section.2.1}% 17
\BOOKMARK [1][-]{section.2.2}{\376\377\0002\000.\0002\000\040\000R\000e\000l\000a\000t\000e\000d\000\040\000W\000o\000r\000k}{chapter.2}% 18
\BOOKMARK [2][-]{subsection.2.2.1}{\376\377\0002\000.\0002\000.\0001\000\040}{section.2.2}% 19
\BOOKMARK [0][-]{chapter.3}{\376\377\0003\000\040\000M\000e\000t\000h\000o\000d\000o\000l\000o\000g\000y}{}% 20
\BOOKMARK [0][-]{chapter.4}{\376\377\0004\000\040\000S\000e\000t\000u\000p}{}% 21
\BOOKMARK [0][-]{chapter.5}{\376\377\0005\000\040\000R\000e\000s\000u\000l\000t\000s}{}% 22
\BOOKMARK [0][-]{chapter.6}{\376\377\0006\000\040\000C\000o\000n\000c\000l\000u\000s\000i\000o\000n\000s\000\040\000a\000n\000d\000\040\000F\000u\000t\000u\000r\000e\000\040\000W\000o\000r\000k}{}% 23
\BOOKMARK [0][-]{appendix.A}{\376\377\000A\000\040\000A\000p\000p\000e\000n\000d\000i\000x}{}% 24
\BOOKMARK [1][-]{section.A.1}{\376\377\000A\000.\0001\000\040}{appendix.A}% 25
\BOOKMARK [0][-]{section.A.1}{\376\377\000\040\000L\000i\000s\000t\000\040\000o\000f\000\040\000T\000a\000b\000l\000e\000s}{}% 26
\BOOKMARK [0][-]{appendix*.9}{\376\377\000\040\000L\000i\000s\000t\000\040\000o\000f\000\040\000F\000i\000g\000u\000r\000e\000s}{}% 27
\BOOKMARK [0][-]{appendix*.10}{\376\377\000\040\000B\000i\000b\000l\000i\000o\000g\000r\000a\000p\000h\000y}{}% 28
